<?xml version="1.0" encoding="UTF-8"?>
<!-- Generated by org.testng.reporters.JUnitReportReporter -->
<testsuite hostname="Chaitanyas-MacBook-Air.local" failures="0" tests="1" name="io.full.htmlcanvasstudio.CanvasTests" time="23.193" errors="0" timestamp="2022-12-26T14:07:58 IST" skipped="0">
  <testcase classname="io.full.htmlcanvasstudio.CanvasTests" name="CanvasTests" time="23.193"/>
  <system-out/>
</testsuite> <!-- io.full.htmlcanvasstudio.CanvasTests -->
